<?xml version="1.0" encoding="UTF-8"?>
<!-- Generated by org.testng.reporters.JUnitXMLReporter -->
<testsuite ignored="0" hostname="DESKTOP-T5PDHFG" failures="0" tests="5" name="Default test" time="0.096" errors="0" timestamp="16 Sep 2021 19:20:48 GMT">
  <testcase classname="TestiNGprograms.TestNGProject.FirstTestngcode" name="code" time="0.007"/>
  <testcase classname="TestiNGprograms.TestNGProject.FirstTestngcode" name="code" time="0.006"/>
  <testcase classname="TestiNGprograms.TestNGProject.FirstTestngcode" name="code" time="0.004"/>
  <testcase classname="TestiNGprograms.TestNGProject.FirstTestngcode" name="code" time="0.009"/>
  <testcase classname="TestiNGprograms.TestNGProject.FirstTestngcode" name="code" time="0.007"/>
</testsuite> <!-- Default test -->
