<?xml version="1.0" encoding="UTF-8"?>
<testng-results ignored="0" total="5" passed="5" failed="0" skipped="0">
  <reporter-output>
  </reporter-output>
  <suite started-at="2021-09-16T19:20:48Z" name="Default suite" finished-at="2021-09-16T19:20:48Z" duration-ms="96">
    <groups>
    </groups>
    <test started-at="2021-09-16T19:20:48Z" name="Default test" finished-at="2021-09-16T19:20:48Z" duration-ms="96">
      <class name="TestiNGprograms.TestNGProject.FirstTestngcode">
        <test-method is-config="true" signature="beforecode()[pri:0, instance:TestiNGprograms.TestNGProject.FirstTestngcode@4be29ed9]" started-at="2021-09-16T19:20:48Z" name="beforecode" finished-at="2021-09-16T19:20:48Z" duration-ms="18" status="PASS">
          <reporter-output>
          </reporter-output>
        </test-method> <!-- beforecode -->
        <test-method signature="code()[pri:0, instance:TestiNGprograms.TestNGProject.FirstTestngcode@4be29ed9]" started-at="2021-09-16T19:20:48Z" name="code" finished-at="2021-09-16T19:20:48Z" duration-ms="7" status="PASS">
          <reporter-output>
          </reporter-output>
        </test-method> <!-- code -->
        <test-method signature="code()[pri:0, instance:TestiNGprograms.TestNGProject.FirstTestngcode@4be29ed9]" started-at="2021-09-16T19:20:48Z" name="code" finished-at="2021-09-16T19:20:48Z" duration-ms="6" status="PASS">
          <reporter-output>
          </reporter-output>
        </test-method> <!-- code -->
        <test-method signature="code()[pri:0, instance:TestiNGprograms.TestNGProject.FirstTestngcode@4be29ed9]" started-at="2021-09-16T19:20:48Z" name="code" finished-at="2021-09-16T19:20:48Z" duration-ms="4" status="PASS">
          <reporter-output>
          </reporter-output>
        </test-method> <!-- code -->
        <test-method signature="code()[pri:0, instance:TestiNGprograms.TestNGProject.FirstTestngcode@4be29ed9]" started-at="2021-09-16T19:20:48Z" name="code" finished-at="2021-09-16T19:20:48Z" duration-ms="9" status="PASS">
          <reporter-output>
          </reporter-output>
        </test-method> <!-- code -->
        <test-method signature="code()[pri:0, instance:TestiNGprograms.TestNGProject.FirstTestngcode@4be29ed9]" started-at="2021-09-16T19:20:48Z" name="code" finished-at="2021-09-16T19:20:48Z" duration-ms="7" status="PASS">
          <reporter-output>
          </reporter-output>
        </test-method> <!-- code -->
        <test-method is-config="true" signature="aftercode()[pri:0, instance:TestiNGprograms.TestNGProject.FirstTestngcode@4be29ed9]" started-at="2021-09-16T19:20:48Z" name="aftercode" finished-at="2021-09-16T19:20:48Z" duration-ms="0" status="PASS">
          <reporter-output>
          </reporter-output>
        </test-method> <!-- aftercode -->
      </class> <!-- TestiNGprograms.TestNGProject.FirstTestngcode -->
    </test> <!-- Default test -->
  </suite> <!-- Default suite -->
</testng-results>
